<?xml version="1.0" encoding="UTF-8"?>
<testsuite name="Runner" tests="0" skipped="0" failures="0" errors="0" timestamp="1970-01-01T00:00:00" hostname="P002312" time="0.0">
  <properties/>
  <system-out><![CDATA[
2 Scenarios (2 passed)
10 Steps (10 passed)
2m7,787s

]]></system-out>
  <system-err><![CDATA[[Test worker] WARN cucumber.runtime.SerenityBackend - It looks like you are running a feature using @RunWith(Cucumber.class) instead of @RunWith(CucumberWithSerenity.class). Are you sure this is what you meant to do?
[Test worker] WARN cucumber.runtime.SerenityBackend - It looks like you are running a feature using @RunWith(Cucumber.class) instead of @RunWith(CucumberWithSerenity.class). Are you sure this is what you meant to do?
]]></system-err>
</testsuite>
